{"@t":"2022-12-01T16:21:19.6846467Z","@mt":"Seq {SeqVersion} running on OS {OSCaption}","SeqVersion":"2022.1.7929","OSCaption":"Linux 5.15.49-linuxkit #1 SMP PREEMPT Tue Sep 13 07:51:32 UTC 2022","SourceContext":"Seq.Server.Features.Diagnostics.EnvironmentInformationWriter"}
{"@t":"2022-12-01T16:21:19.7271747Z","@mt":"Seq detected {TotalRAM} MB of RAM","TotalRAM":6227.70176,"SourceContext":"Seq.Server.Features.Diagnostics.EnvironmentInformationWriter"}
{"@t":"2022-12-01T16:21:19.9530764Z","@mt":"Opening event store at {StreamPath}","StreamPath":"/data/Stream/stream.flare","SourceContext":"Flare.Cluster.StorageNodeCoordinator"}
{"@t":"2022-12-01T16:21:19.9757155Z","@mt":"Ingestion enabled","SourceContext":"Flare.Cluster.StorageNodeCoordinator"}
{"@t":"2022-12-01T16:21:19.9886271Z","@mt":"Opening metastore {MetastorePath}","MetastorePath":"/data/Documents/metastore.flare","SourceContext":"Quince.Storage.Native.NativeDocumentStore"}
{"@t":"2022-12-01T16:21:20.0166572Z","@mt":"Initializing a new metastore","SourceContext":"Quince.Storage.Native.NativeDocumentStore"}
{"@t":"2022-12-01T16:21:20.1179757Z","@mt":"Creating default workspace for {UserId}","UserId":"user-admin"}
{"@t":"2022-12-01T16:21:20.1746913Z","@mt":"Storage subsystem available"}
{"@t":"2022-12-01T16:21:20.2288486Z","@mt":"Seq listening on {ListenUris}","ListenUris":["http://localhost/","https://localhost/","http://localhost:5341/","https://localhost:45341/"]}
{"@t":"2022-12-01T16:22:20.2813165Z","@mt":"{CollectionCount} more generation 2 garbage collection(s) occurred","CollectionCount":1,"SourceContext":"Seq.Server.Features.Diagnostics.GCLogger"}
{"@t":"2022-12-01T16:26:20.2121307Z","@mt":"Metrics sampled","CacheDays":0,"CacheEvents":0,"SystemMemoryUtilization":0.20774054793529484,"ProcessWorkingSetBytes":147038208,"GCTotalHeapSizeBytes":17276360,"GCTotalFragmentedBytes":104824,"GCPauseTimePercentage":0.93,"GCGen0EnterHeapSizeBytes":20186656,"GCGen0ExitHeapSizeBytes":144,"GCGen0EnterFragmentedBytes":5744,"GCGen0ExitFragmentedBytes":0,"GCGen1EnterHeapSizeBytes":144,"GCGen1ExitHeapSizeBytes":6512696,"GCGen1EnterFragmentedBytes":0,"GCGen1ExitFragmentedBytes":104760,"GCGen2EnterHeapSizeBytes":144,"GCGen2ExitHeapSizeBytes":144,"GCGen2EnterFragmentedBytes":0,"GCGen2ExitFragmentedBytes":0,"GCGen3EnterHeapSizeBytes":10584344,"GCGen3ExitHeapSizeBytes":10584344,"GCGen3EnterFragmentedBytes":64,"GCGen3ExitFragmentedBytes":64,"GCGen4EnterHeapSizeBytes":179032,"GCGen4ExitHeapSizeBytes":179032,"GCGen4EnterFragmentedBytes":0,"GCGen4ExitFragmentedBytes":0,"GCPause0DurationMs":5.177,"GCPause1DurationMs":5.177,"ProcessThreads":31,"ArrivedEventsPerMinute":0,"IngestedEventsPerMinute":0,"IngestedBytesPerMinute":0,"InvalidPayloadsPerMinute":0,"UnauthorizedPayloadsPerMinute":0,"TotalWriteTimeLastMinute":"Flare.Diagnostics.Counters.RateCounter","BroadcastQueueCount":0,"BroadcastSubscriptionQueuesAggregateCount":0}
{"@t":"2022-12-01T16:28:29.3782727Z","@mt":"Updated {DocumentId}","DocumentId":"workspace-15","SourceContext":"Seq.Server.Web.Api.WorkspacesController","Principal":{"Id":"user-admin","OnBehalfOfUserId":"user-admin"},"ActionId":"033b4845-0a2e-4ef2-98c5-70a00353ae40","ActionName":"Seq.Server.Web.Api.WorkspacesController.Update (Seq)","RequestId":"0HMMJN0AQV18M:00000055","RequestPath":"/api/workspaces/workspace-15","ConnectionId":"0HMMJN0AQV18M"}
{"@t":"2022-12-01T16:29:02.2929360Z","@mt":"Termination signal received"}
{"@t":"2022-12-01T16:29:02.3103740Z","@mt":"Signalling for {Workers} worker task(s) to complete","Workers":3,"SourceContext":"Flare.Workers.WorkerPool"}
{"@t":"2022-12-01T16:29:02.7166415Z","@mt":"Work {WorkDescription} ({WorkId}) observed cancellation and completed","WorkDescription":"Monitor alerts and trigger notifications","WorkId":"5b752d8c-068b-4f39-a5ae-6d768c829c48","SourceContext":"Flare.Workers.WorkerPool"}
{"@t":"2022-12-01T16:29:02.9372078Z","@mt":"Work {WorkDescription} ({WorkId}) observed cancellation and completed","WorkDescription":"Manage event cache resources","WorkId":"68a9de4f-fe10-4817-96cb-ffabcc7dbea9","SourceContext":"Flare.Workers.WorkerPool"}
{"@t":"2022-12-01T16:29:05.2451560Z","@mt":"Work {WorkDescription} ({WorkId}) observed cancellation and completed","WorkDescription":"Sample system memory","WorkId":"ce1236f8-c682-49b8-b47f-17c0e3c21b69","SourceContext":"Flare.Workers.WorkerPool"}
{"@t":"2022-12-01T16:29:05.2943425Z","@mt":"Stopping {Tasks} scheduled tasks","Tasks":15,"SourceContext":"Seq.Server.Tasks.TaskRunner"}
{"@t":"2022-12-01T16:29:05.3044780Z","@mt":"Stopping input channel","SourceContext":"Seq.Server.Features.Apps.Inputs.InputChannel"}
{"@t":"2022-12-01T16:29:06.0592991Z","@mt":"Shutting down input channel; {AcceptedCount} queued events will be written","AcceptedCount":0,"SourceContext":"Seq.Server.Features.Apps.Inputs.InputChannel"}
{"@t":"2022-12-01T16:29:06.0637163Z","@mt":"Stopping broadcast channel","SourceContext":"Flare.Broadcast.BroadcastChannel"}
{"@t":"2022-12-01T16:29:07.0507049Z","@mt":"Shutting down broadcast channel with {AllowableFlush} flushable event batches (+{Tolerance} tolerance)","AllowableFlush":0,"Tolerance":15,"SourceContext":"Flare.Broadcast.BroadcastChannel"}
{"@t":"2022-12-01T16:29:07.0612247Z","@mt":"Closing event store","SourceContext":"Flare.Cluster.StorageNodeCoordinator"}
{"@t":"2022-12-01T16:29:07.0648360Z","@mt":"Closing metastore","SourceContext":"Quince.Storage.Native.NativeDocumentStore"}
{"@t":"2022-12-01T16:29:07.0775281Z","@mt":"Server stopped cleanly"}
{"@t":"2022-12-01T16:30:11.4797821Z","@mt":"Seq {SeqVersion} running on OS {OSCaption}","SeqVersion":"2022.1.7929","OSCaption":"Linux 5.15.49-linuxkit #1 SMP PREEMPT Tue Sep 13 07:51:32 UTC 2022","SourceContext":"Seq.Server.Features.Diagnostics.EnvironmentInformationWriter"}
{"@t":"2022-12-01T16:30:11.5185284Z","@mt":"Seq detected {TotalRAM} MB of RAM","TotalRAM":6227.70176,"SourceContext":"Seq.Server.Features.Diagnostics.EnvironmentInformationWriter"}
{"@t":"2022-12-01T16:30:11.7783201Z","@mt":"Opening event store at {StreamPath}","StreamPath":"/data/Stream/stream.flare","SourceContext":"Flare.Cluster.StorageNodeCoordinator"}
{"@t":"2022-12-01T16:30:11.8125621Z","@mt":"Ingestion enabled","SourceContext":"Flare.Cluster.StorageNodeCoordinator"}
{"@t":"2022-12-01T16:30:11.8329140Z","@mt":"Opening metastore {MetastorePath}","MetastorePath":"/data/Documents/metastore.flare","SourceContext":"Quince.Storage.Native.NativeDocumentStore"}
{"@t":"2022-12-01T16:30:11.8918636Z","@mt":"Storage subsystem available"}
{"@t":"2022-12-01T16:30:11.9314175Z","@mt":"Seq listening on {ListenUris}","ListenUris":["http://localhost/","https://localhost/","http://localhost:5341/","https://localhost:45341/"]}
{"@t":"2022-12-01T16:31:11.9728433Z","@mt":"{CollectionCount} more generation 2 garbage collection(s) occurred","CollectionCount":1,"SourceContext":"Seq.Server.Features.Diagnostics.GCLogger"}
{"@t":"2022-12-01T16:33:41.5059301Z","@mt":"Termination signal received"}
{"@t":"2022-12-01T16:33:41.5208148Z","@mt":"Signalling for {Workers} worker task(s) to complete","Workers":3,"SourceContext":"Flare.Workers.WorkerPool"}
{"@t":"2022-12-01T16:33:41.9756129Z","@mt":"Work {WorkDescription} ({WorkId}) observed cancellation and completed","WorkDescription":"Sample system memory","WorkId":"d0d9a2c9-c966-4173-84ab-c29acb1b9521","SourceContext":"Flare.Workers.WorkerPool"}
{"@t":"2022-12-01T16:33:41.9922520Z","@mt":"Work {WorkDescription} ({WorkId}) observed cancellation and completed","WorkDescription":"Monitor alerts and trigger notifications","WorkId":"956c398f-c32f-4777-975f-78570dd4fb6e","SourceContext":"Flare.Workers.WorkerPool"}
{"@t":"2022-12-01T16:33:42.3121049Z","@mt":"Work {WorkDescription} ({WorkId}) observed cancellation and completed","WorkDescription":"Manage event cache resources","WorkId":"563d81f3-3000-4a51-979b-de20291f92b3","SourceContext":"Flare.Workers.WorkerPool"}
{"@t":"2022-12-01T16:33:42.3507066Z","@mt":"Stopping {Tasks} scheduled tasks","Tasks":15,"SourceContext":"Seq.Server.Tasks.TaskRunner"}
{"@t":"2022-12-01T16:33:42.3577542Z","@mt":"Stopping input channel","SourceContext":"Seq.Server.Features.Apps.Inputs.InputChannel"}
{"@t":"2022-12-01T16:33:42.3920780Z","@mt":"Shutting down input channel; {AcceptedCount} queued events will be written","AcceptedCount":0,"SourceContext":"Seq.Server.Features.Apps.Inputs.InputChannel"}
{"@t":"2022-12-01T16:33:42.3950205Z","@mt":"Stopping broadcast channel","SourceContext":"Flare.Broadcast.BroadcastChannel"}
{"@t":"2022-12-01T16:33:43.3504941Z","@mt":"Shutting down broadcast channel with {AllowableFlush} flushable event batches (+{Tolerance} tolerance)","AllowableFlush":0,"Tolerance":15,"SourceContext":"Flare.Broadcast.BroadcastChannel"}
{"@t":"2022-12-01T16:33:43.3587722Z","@mt":"Closing event store","SourceContext":"Flare.Cluster.StorageNodeCoordinator"}
{"@t":"2022-12-01T16:33:43.3611163Z","@mt":"Closing metastore","SourceContext":"Quince.Storage.Native.NativeDocumentStore"}
{"@t":"2022-12-01T16:33:43.3679035Z","@mt":"Server stopped cleanly"}
{"@t":"2022-12-01T16:34:03.9721930Z","@mt":"Seq {SeqVersion} running on OS {OSCaption}","SeqVersion":"2022.1.7929","OSCaption":"Linux 5.15.49-linuxkit #1 SMP PREEMPT Tue Sep 13 07:51:32 UTC 2022","SourceContext":"Seq.Server.Features.Diagnostics.EnvironmentInformationWriter"}
{"@t":"2022-12-01T16:34:04.0054557Z","@mt":"Seq detected {TotalRAM} MB of RAM","TotalRAM":6227.70176,"SourceContext":"Seq.Server.Features.Diagnostics.EnvironmentInformationWriter"}
{"@t":"2022-12-01T16:34:04.3738897Z","@mt":"Opening event store at {StreamPath}","StreamPath":"/data/Stream/stream.flare","SourceContext":"Flare.Cluster.StorageNodeCoordinator"}
{"@t":"2022-12-01T16:34:04.3973920Z","@mt":"Ingestion enabled","SourceContext":"Flare.Cluster.StorageNodeCoordinator"}
{"@t":"2022-12-01T16:34:04.4121151Z","@mt":"Opening metastore {MetastorePath}","MetastorePath":"/data/Documents/metastore.flare","SourceContext":"Quince.Storage.Native.NativeDocumentStore"}
{"@t":"2022-12-01T16:34:04.4546804Z","@mt":"Storage subsystem available"}
{"@t":"2022-12-01T16:34:04.4942545Z","@mt":"Seq listening on {ListenUris}","ListenUris":["http://localhost/","https://localhost/","http://localhost:5341/","https://localhost:45341/"]}
{"@t":"2022-12-01T16:34:23.9242076Z","@mt":"Termination signal received"}
{"@t":"2022-12-01T16:34:23.9367499Z","@mt":"Signalling for {Workers} worker task(s) to complete","Workers":3,"SourceContext":"Flare.Workers.WorkerPool"}
{"@t":"2022-12-01T16:34:24.0382040Z","@mt":"Work {WorkDescription} ({WorkId}) observed cancellation and completed","WorkDescription":"Monitor alerts and trigger notifications","WorkId":"f895102f-315f-445c-88d7-881fc33b43b3","SourceContext":"Flare.Workers.WorkerPool"}
{"@t":"2022-12-01T16:34:24.4204376Z","@mt":"Work {WorkDescription} ({WorkId}) observed cancellation and completed","WorkDescription":"Sample system memory","WorkId":"6d7ad1a3-ada5-4dbf-bf78-bf59260e121d","SourceContext":"Flare.Workers.WorkerPool"}
{"@t":"2022-12-01T16:34:24.4836686Z","@mt":"Work {WorkDescription} ({WorkId}) observed cancellation and completed","WorkDescription":"Manage event cache resources","WorkId":"e3757855-55d0-4f21-957e-a8cf9871e903","SourceContext":"Flare.Workers.WorkerPool"}
{"@t":"2022-12-01T16:34:24.5512168Z","@mt":"Stopping {Tasks} scheduled tasks","Tasks":15,"SourceContext":"Seq.Server.Tasks.TaskRunner"}
{"@t":"2022-12-01T16:34:24.5552920Z","@mt":"Stopping input channel","SourceContext":"Seq.Server.Features.Apps.Inputs.InputChannel"}
{"@t":"2022-12-01T16:34:25.5367082Z","@mt":"Shutting down input channel; {AcceptedCount} queued events will be written","AcceptedCount":0,"SourceContext":"Seq.Server.Features.Apps.Inputs.InputChannel"}
{"@t":"2022-12-01T16:34:25.5387040Z","@mt":"Stopping broadcast channel","SourceContext":"Flare.Broadcast.BroadcastChannel"}
{"@t":"2022-12-01T16:34:25.5522927Z","@mt":"Shutting down broadcast channel with {AllowableFlush} flushable event batches (+{Tolerance} tolerance)","AllowableFlush":0,"Tolerance":15,"SourceContext":"Flare.Broadcast.BroadcastChannel"}
{"@t":"2022-12-01T16:34:25.5554961Z","@mt":"Closing event store","SourceContext":"Flare.Cluster.StorageNodeCoordinator"}
{"@t":"2022-12-01T16:34:25.5574753Z","@mt":"Closing metastore","SourceContext":"Quince.Storage.Native.NativeDocumentStore"}
{"@t":"2022-12-01T16:34:25.5607489Z","@mt":"Server stopped cleanly"}
{"@t":"2022-12-01T16:35:23.8152912Z","@mt":"Seq {SeqVersion} running on OS {OSCaption}","SeqVersion":"2022.1.7929","OSCaption":"Linux 5.15.49-linuxkit #1 SMP PREEMPT Tue Sep 13 07:51:32 UTC 2022","SourceContext":"Seq.Server.Features.Diagnostics.EnvironmentInformationWriter"}
{"@t":"2022-12-01T16:35:23.8556434Z","@mt":"Seq detected {TotalRAM} MB of RAM","TotalRAM":6227.70176,"SourceContext":"Seq.Server.Features.Diagnostics.EnvironmentInformationWriter"}
{"@t":"2022-12-01T16:35:24.1186797Z","@mt":"Opening event store at {StreamPath}","StreamPath":"/data/Stream/stream.flare","SourceContext":"Flare.Cluster.StorageNodeCoordinator"}
{"@t":"2022-12-01T16:35:24.1467289Z","@mt":"Ingestion enabled","SourceContext":"Flare.Cluster.StorageNodeCoordinator"}
{"@t":"2022-12-01T16:35:24.1626184Z","@mt":"Opening metastore {MetastorePath}","MetastorePath":"/data/Documents/metastore.flare","SourceContext":"Quince.Storage.Native.NativeDocumentStore"}
{"@t":"2022-12-01T16:35:24.2062209Z","@mt":"Storage subsystem available"}
{"@t":"2022-12-01T16:35:24.2439641Z","@mt":"Seq listening on {ListenUris}","ListenUris":["http://localhost/","https://localhost/","http://localhost:5341/","https://localhost:45341/"]}
{"@t":"2022-12-01T16:35:58.9950557Z","@mt":"Termination signal received"}
{"@t":"2022-12-01T16:35:59.0045194Z","@mt":"Signalling for {Workers} worker task(s) to complete","Workers":3,"SourceContext":"Flare.Workers.WorkerPool"}
{"@t":"2022-12-01T16:35:59.1840139Z","@mt":"Work {WorkDescription} ({WorkId}) observed cancellation and completed","WorkDescription":"Sample system memory","WorkId":"95226dd6-83e0-4e36-aee0-359191f1ff0b","SourceContext":"Flare.Workers.WorkerPool"}
{"@t":"2022-12-01T16:35:59.2433432Z","@mt":"Work {WorkDescription} ({WorkId}) observed cancellation and completed","WorkDescription":"Manage event cache resources","WorkId":"93e609b2-9597-4076-9aa3-f350204b0d6f","SourceContext":"Flare.Workers.WorkerPool"}
{"@t":"2022-12-01T16:35:59.9643846Z","@mt":"Work {WorkDescription} ({WorkId}) observed cancellation and completed","WorkDescription":"Monitor alerts and trigger notifications","WorkId":"b3376135-eebb-47b2-a9f1-e03b75aad20b","SourceContext":"Flare.Workers.WorkerPool"}
{"@t":"2022-12-01T16:36:00.0325857Z","@mt":"Stopping {Tasks} scheduled tasks","Tasks":15,"SourceContext":"Seq.Server.Tasks.TaskRunner"}
{"@t":"2022-12-01T16:36:00.0384020Z","@mt":"Stopping input channel","SourceContext":"Seq.Server.Features.Apps.Inputs.InputChannel"}
{"@t":"2022-12-01T16:36:00.3480771Z","@mt":"Shutting down input channel; {AcceptedCount} queued events will be written","AcceptedCount":0,"SourceContext":"Seq.Server.Features.Apps.Inputs.InputChannel"}
{"@t":"2022-12-01T16:36:00.3496642Z","@mt":"Stopping broadcast channel","SourceContext":"Flare.Broadcast.BroadcastChannel"}
{"@t":"2022-12-01T16:36:01.3313242Z","@mt":"Shutting down broadcast channel with {AllowableFlush} flushable event batches (+{Tolerance} tolerance)","AllowableFlush":0,"Tolerance":15,"SourceContext":"Flare.Broadcast.BroadcastChannel"}
{"@t":"2022-12-01T16:36:01.3380374Z","@mt":"Closing event store","SourceContext":"Flare.Cluster.StorageNodeCoordinator"}
{"@t":"2022-12-01T16:36:01.3403719Z","@mt":"Closing metastore","SourceContext":"Quince.Storage.Native.NativeDocumentStore"}
{"@t":"2022-12-01T16:36:01.3448990Z","@mt":"Server stopped cleanly"}
{"@t":"2022-12-01T20:46:00.7129016Z","@mt":"Seq {SeqVersion} running on OS {OSCaption}","SeqVersion":"2022.1.7929","OSCaption":"Linux 5.15.49-linuxkit #1 SMP PREEMPT Tue Sep 13 07:51:32 UTC 2022","SourceContext":"Seq.Server.Features.Diagnostics.EnvironmentInformationWriter"}
{"@t":"2022-12-01T20:46:00.7451721Z","@mt":"Seq detected {TotalRAM} MB of RAM","TotalRAM":6227.70176,"SourceContext":"Seq.Server.Features.Diagnostics.EnvironmentInformationWriter"}
{"@t":"2022-12-01T20:46:01.0004013Z","@mt":"Opening event store at {StreamPath}","StreamPath":"/data/Stream/stream.flare","SourceContext":"Flare.Cluster.StorageNodeCoordinator"}
{"@t":"2022-12-01T20:46:01.0239666Z","@mt":"Ingestion enabled","SourceContext":"Flare.Cluster.StorageNodeCoordinator"}
{"@t":"2022-12-01T20:46:01.0379136Z","@mt":"Opening metastore {MetastorePath}","MetastorePath":"/data/Documents/metastore.flare","SourceContext":"Quince.Storage.Native.NativeDocumentStore"}
{"@t":"2022-12-01T20:46:01.0811563Z","@mt":"Storage subsystem available"}
{"@t":"2022-12-01T20:46:01.1188107Z","@mt":"Seq listening on {ListenUris}","ListenUris":["http://localhost/","https://localhost/","http://localhost:5341/","https://localhost:45341/"]}
{"@t":"2022-12-01T20:53:44.3768412Z","@mt":"NuGet v3 {Method} {Uri}","Method":"GET","Uri":"https://api.nuget.org/v3/index.json","SourceContext":"Seq.Server.Features.Installation.Nuget.PackageRepositoryV3","Principal":{"Id":"user-admin","OnBehalfOfUserId":"user-admin"},"ActionId":"70d399f7-10fd-480e-abbd-765e1f15b534","ActionName":"Seq.Server.Web.Api.AppsController.InstallPackage (Seq)","RequestId":"0HMMJRK7BUBLO:00000012","RequestPath":"/api/apps/install","ConnectionId":"0HMMJRK7BUBLO"}
{"@t":"2022-12-01T20:53:44.7387885Z","@mt":"NuGet v3 {Method} {Uri}","Method":"GET","Uri":"https://api.nuget.org/v3/registration5-gz-semver2/seq.input.healthcheck/index.json","SourceContext":"Seq.Server.Features.Installation.Nuget.PackageRepositoryV3","Principal":{"Id":"user-admin","OnBehalfOfUserId":"user-admin"},"ActionId":"70d399f7-10fd-480e-abbd-765e1f15b534","ActionName":"Seq.Server.Web.Api.AppsController.InstallPackage (Seq)","RequestId":"0HMMJRK7BUBLO:00000012","RequestPath":"/api/apps/install","ConnectionId":"0HMMJRK7BUBLO"}
{"@t":"2022-12-01T20:53:44.8881928Z","@mt":"NuGet v3 {Method} {Uri}","Method":"GET","Uri":"https://api.nuget.org/v3/index.json","SourceContext":"Seq.Server.Features.Installation.Nuget.PackageRepositoryV3","Principal":{"Id":"user-admin","OnBehalfOfUserId":"user-admin"},"ActionId":"70d399f7-10fd-480e-abbd-765e1f15b534","ActionName":"Seq.Server.Web.Api.AppsController.InstallPackage (Seq)","RequestId":"0HMMJRK7BUBLO:00000012","RequestPath":"/api/apps/install","ConnectionId":"0HMMJRK7BUBLO"}
{"@t":"2022-12-01T20:53:44.9189753Z","@mt":"NuGet v3 {Method} {Uri}","Method":"GET","Uri":"https://api.nuget.org/v3/registration5-gz-semver2/seq.input.healthcheck/index.json","SourceContext":"Seq.Server.Features.Installation.Nuget.PackageRepositoryV3","Principal":{"Id":"user-admin","OnBehalfOfUserId":"user-admin"},"ActionId":"70d399f7-10fd-480e-abbd-765e1f15b534","ActionName":"Seq.Server.Web.Api.AppsController.InstallPackage (Seq)","RequestId":"0HMMJRK7BUBLO:00000012","RequestPath":"/api/apps/install","ConnectionId":"0HMMJRK7BUBLO"}
{"@t":"2022-12-01T20:53:45.0800817Z","@mt":"NuGet v3 {Method} {Uri}","Method":"GET","Uri":"https://api.nuget.org/v3/catalog0/data/2022.04.26.23.38.43/seq.input.healthcheck.2.0.0.json","SourceContext":"Seq.Server.Features.Installation.Nuget.PackageRepositoryV3","Principal":{"Id":"user-admin","OnBehalfOfUserId":"user-admin"},"ActionId":"70d399f7-10fd-480e-abbd-765e1f15b534","ActionName":"Seq.Server.Web.Api.AppsController.InstallPackage (Seq)","RequestId":"0HMMJRK7BUBLO:00000012","RequestPath":"/api/apps/install","ConnectionId":"0HMMJRK7BUBLO"}
{"@t":"2022-12-01T20:53:45.5662367Z","@mt":"NuGet v3 {Method} {Uri}","Method":"GET","Uri":"https://api.nuget.org/v3-flatcontainer/seq.input.healthcheck/2.0.0/seq.input.healthcheck.2.0.0.nupkg","SourceContext":"Seq.Server.Features.Installation.Nuget.PackageRepositoryV3","Principal":{"Id":"user-admin","OnBehalfOfUserId":"user-admin"},"ActionId":"70d399f7-10fd-480e-abbd-765e1f15b534","ActionName":"Seq.Server.Web.Api.AppsController.InstallPackage (Seq)","RequestId":"0HMMJRK7BUBLO:00000012","RequestPath":"/api/apps/install","ConnectionId":"0HMMJRK7BUBLO"}
{"@t":"2022-12-01T20:53:46.3592974Z","@mt":"Interrogating {PackageId} at {PackagePath}","PackageId":"Seq.Input.HealthCheck","PackagePath":"/data/Packages/nugetfeed-1/Seq.Input.HealthCheck/2.0.0/lib/net5.0","SourceContext":"Seq.Server.Features.Installation.AppPackageInstaller","Principal":{"Id":"user-admin","OnBehalfOfUserId":"user-admin"},"ActionId":"70d399f7-10fd-480e-abbd-765e1f15b534","ActionName":"Seq.Server.Web.Api.AppsController.InstallPackage (Seq)","RequestId":"0HMMJRK7BUBLO:00000012","RequestPath":"/api/apps/install","ConnectionId":"0HMMJRK7BUBLO"}
{"@t":"2022-12-01T20:53:46.3612239Z","@mt":"Reading app definition from .NET assembly metadata","SourceContext":"Seq.Server.Features.Installation.AppPackageInstaller","Principal":{"Id":"user-admin","OnBehalfOfUserId":"user-admin"},"ActionId":"70d399f7-10fd-480e-abbd-765e1f15b534","ActionName":"Seq.Server.Web.Api.AppsController.InstallPackage (Seq)","RequestId":"0HMMJRK7BUBLO:00000012","RequestPath":"/api/apps/install","ConnectionId":"0HMMJRK7BUBLO"}
{"@t":"2022-12-01T20:53:46.6712517Z","@mt":"Installed {AppId} from {PackageId} {Version} (from {NuGetFeedId})","AppId":"hostedapp-33","PackageId":"Seq.Input.HealthCheck","Version":"2.0.0","NuGetFeedId":"nugetfeed-1","SourceContext":"Seq.Server.Features.Installation.AppPackageInstaller","Principal":{"Id":"user-admin","OnBehalfOfUserId":"user-admin"},"ActionId":"70d399f7-10fd-480e-abbd-765e1f15b534","ActionName":"Seq.Server.Web.Api.AppsController.InstallPackage (Seq)","RequestId":"0HMMJRK7BUBLO:00000012","RequestPath":"/api/apps/install","ConnectionId":"0HMMJRK7BUBLO"}
{"@t":"2022-12-01T20:53:53.3534783Z","@mt":"Termination signal received"}
{"@t":"2022-12-01T20:53:53.3639314Z","@mt":"Signalling for {Workers} worker task(s) to complete","Workers":3,"SourceContext":"Flare.Workers.WorkerPool"}
{"@t":"2022-12-01T20:53:53.3847007Z","@mt":"Work {WorkDescription} ({WorkId}) observed cancellation and completed","WorkDescription":"Monitor alerts and trigger notifications","WorkId":"8dd15715-0001-4abf-ae02-4e5bbd37d604","SourceContext":"Flare.Workers.WorkerPool"}
{"@t":"2022-12-01T20:53:53.5078141Z","@mt":"Work {WorkDescription} ({WorkId}) observed cancellation and completed","WorkDescription":"Sample system memory","WorkId":"e8f7e378-6b63-42b9-9f40-57f13bf94180","SourceContext":"Flare.Workers.WorkerPool"}
{"@t":"2022-12-01T20:53:53.5692887Z","@mt":"Work {WorkDescription} ({WorkId}) observed cancellation and completed","WorkDescription":"Manage event cache resources","WorkId":"f2e3271d-7ffc-43e5-89a4-a0db0fdd28e2","SourceContext":"Flare.Workers.WorkerPool"}
{"@t":"2022-12-01T20:53:53.6741515Z","@mt":"Stopping {Tasks} scheduled tasks","Tasks":15,"SourceContext":"Seq.Server.Tasks.TaskRunner"}
{"@t":"2022-12-01T20:53:53.6779799Z","@mt":"Stopping input channel","SourceContext":"Seq.Server.Features.Apps.Inputs.InputChannel"}
{"@t":"2022-12-01T20:53:54.6590702Z","@mt":"Shutting down input channel; {AcceptedCount} queued events will be written","AcceptedCount":0,"SourceContext":"Seq.Server.Features.Apps.Inputs.InputChannel"}
{"@t":"2022-12-01T20:53:54.6620138Z","@mt":"Stopping broadcast channel","SourceContext":"Flare.Broadcast.BroadcastChannel"}
{"@t":"2022-12-01T20:53:55.6658527Z","@mt":"Shutting down broadcast channel with {AllowableFlush} flushable event batches (+{Tolerance} tolerance)","AllowableFlush":0,"Tolerance":15,"SourceContext":"Flare.Broadcast.BroadcastChannel"}
{"@t":"2022-12-01T20:53:55.6720780Z","@mt":"Closing event store","SourceContext":"Flare.Cluster.StorageNodeCoordinator"}
{"@t":"2022-12-01T20:53:55.6740951Z","@mt":"Closing metastore","SourceContext":"Quince.Storage.Native.NativeDocumentStore"}
{"@t":"2022-12-01T20:53:55.6812468Z","@mt":"Server stopped cleanly"}
